# JRE version: Java(TM) SE Runtime Environment (9.0+11) (build 9.0.4+11)
# Java VM: Java HotSpot(TM) 64-Bit Server VM (9.0.4+11, mixed mode, tiered, compressed oops, g1 gc, windows-amd64)
Heap:
 garbage-first heap   total 234496K, used 148881K [0x0000000700000000, 0x0000000700100728, 0x00000007c0000000)
  region size 1024K, 53 young (54272K), 1 survivors (1024K)
 Metaspace       used 93079K, capacity 95249K, committed 101456K, reserved 1136640K
  class space    used 13023K, capacity 13483K, committed 14716K, reserved 1048576K
GC Heap History (10 events):
Event: 19144.798 GC heap before
{Heap before GC invocations=945 (full 24):
 garbage-first heap   total 234496K, used 156893K [0x0000000700000000, 0x0000000700100728, 0x00000007c0000000)
  region size 1024K, 60 young (61440K), 1 survivors (1024K)
 Metaspace       used 93071K, capacity 95249K, committed 101456K, reserved 1136640K
  class space    used 13023K, capacity 13483K, committed 14716K, reserved 1048576K
}
Event: 19144.805 GC heap after
{Heap after GC invocations=946 (full 24):
 garbage-first heap   total 234496K, used 96496K [0x0000000700000000, 0x0000000700100728, 0x00000007c0000000)
  region size 1024K, 1 young (1024K), 1 survivors (1024K)
 Metaspace       used 93071K, capacity 95249K, committed 101456K, reserved 1136640K
  class space    used 13023K, capacity 13483K, committed 14716K, reserved 1048576K
}
Event: 19210.667 GC heap before
{Heap before GC invocations=946 (full 24):
 garbage-first heap   total 234496K, used 156912K [0x0000000700000000, 0x0000000700100728, 0x00000007c0000000)
  region size 1024K, 60 young (61440K), 1 survivors (1024K)
 Metaspace       used 93071K, capacity 95249K, committed 101456K, reserved 1136640K
  class space    used 13023K, capacity 13483K, committed 14716K, reserved 1048576K
}
Event: 19210.673 GC heap after
{Heap after GC invocations=947 (full 24):
 garbage-first heap   total 234496K, used 96514K [0x0000000700000000, 0x0000000700100728, 0x00000007c0000000)
  region size 1024K, 1 young (1024K), 1 survivors (1024K)
 Metaspace       used 93071K, capacity 95249K, committed 101456K, reserved 1136640K
  class space    used 13023K, capacity 13483K, committed 14716K, reserved 1048576K
}
Event: 19214.440 GC heap before
{Heap before GC invocations=947 (full 24):
 garbage-first heap   total 234496K, used 156930K [0x0000000700000000, 0x0000000700100728, 0x00000007c0000000)
  region size 1024K, 60 young (61440K), 1 survivors (1024K)
 Metaspace       used 93073K, capacity 95249K, committed 101456K, reserved 1136640K
  class space    used 13023K, capacity 13483K, committed 14716K, reserved 1048576K
}
Event: 19214.448 GC heap after
{Heap after GC invocations=948 (full 24):
 garbage-first heap   total 234496K, used 96489K [0x0000000700000000, 0x0000000700100728, 0x00000007c0000000)
  region size 1024K, 1 young (1024K), 1 survivors (1024K)
 Metaspace       used 93073K, capacity 95249K, committed 101456K, reserved 1136640K
  class space    used 13023K, capacity 13483K, committed 14716K, reserved 1048576K
}
Event: 19215.907 GC heap before
{Heap before GC invocations=948 (full 24):
 garbage-first heap   total 234496K, used 156905K [0x0000000700000000, 0x0000000700100728, 0x00000007c0000000)
  region size 1024K, 60 young (61440K), 1 survivors (1024K)
 Metaspace       used 93073K, capacity 95249K, committed 101456K, reserved 1136640K
  class space    used 13023K, capacity 13483K, committed 14716K, reserved 1048576K
}
Event: 19215.915 GC heap after
{Heap after GC invocations=949 (full 24):
 garbage-first heap   total 234496K, used 96503K [0x0000000700000000, 0x0000000700100728, 0x00000007c0000000)
  region size 1024K, 1 young (1024K), 1 survivors (1024K)
 Metaspace       used 93073K, capacity 95249K, committed 101456K, reserved 1136640K
  class space    used 13023K, capacity 13483K, committed 14716K, reserved 1048576K
}
Event: 19224.176 GC heap before
{Heap before GC invocations=949 (full 24):
 garbage-first heap   total 234496K, used 156919K [0x0000000700000000, 0x0000000700100728, 0x00000007c0000000)
  region size 1024K, 60 young (61440K), 1 survivors (1024K)
 Metaspace       used 93074K, capacity 95249K, committed 101456K, reserved 1136640K
  class space    used 13023K, capacity 13483K, committed 14716K, reserved 1048576K
}
Event: 19224.185 GC heap after
{Heap after GC invocations=950 (full 24):
 garbage-first heap   total 234496K, used 96657K [0x0000000700000000, 0x0000000700100728, 0x00000007c0000000)
  region size 1024K, 1 young (1024K), 1 survivors (1024K)
 Metaspace       used 93074K, capacity 95249K, committed 101456K, reserved 1136640K
  class space    used 13023K, capacity 13483K, committed 14716K, reserved 1048576K
}

