# JRE version: Java(TM) SE Runtime Environment (9.0+11) (build 9.0.4+11)
# Java VM: Java HotSpot(TM) 64-Bit Server VM (9.0.4+11, mixed mode, tiered, compressed oops, g1 gc, windows-amd64)
Heap:
 garbage-first heap   total 251904K, used 128215K [0x0000000700000000, 0x00000007001007b0, 0x00000007c0000000)
  region size 1024K, 41 young (41984K), 0 survivors (0K)
 Metaspace       used 86013K, capacity 92137K, committed 92336K, reserved 1128448K
  class space    used 11610K, capacity 12679K, committed 12720K, reserved 1048576K
GC Heap History (10 events):
Event: 1174.832 GC heap before
{Heap before GC invocations=162 (full 28):
 garbage-first heap   total 251904K, used 144557K [0x0000000700000000, 0x00000007001007b0, 0x00000007c0000000)
  region size 1024K, 60 young (61440K), 0 survivors (0K)
 Metaspace       used 85976K, capacity 92137K, committed 92336K, reserved 1128448K
  class space    used 11610K, capacity 12679K, committed 12720K, reserved 1048576K
}
Event: 1174.839 GC heap after
{Heap after GC invocations=163 (full 28):
 garbage-first heap   total 251904K, used 83631K [0x0000000700000000, 0x00000007001007b0, 0x00000007c0000000)
  region size 1024K, 1 young (1024K), 1 survivors (1024K)
 Metaspace       used 85976K, capacity 92137K, committed 92336K, reserved 1128448K
  class space    used 11610K, capacity 12679K, committed 12720K, reserved 1048576K
}
Event: 1179.751 GC heap before
{Heap before GC invocations=163 (full 28):
 garbage-first heap   total 251904K, used 146095K [0x0000000700000000, 0x00000007001007b0, 0x00000007c0000000)
  region size 1024K, 60 young (61440K), 1 survivors (1024K)
 Metaspace       used 85987K, capacity 92137K, committed 92336K, reserved 1128448K
  class space    used 11610K, capacity 12679K, committed 12720K, reserved 1048576K
}
Event: 1179.763 GC heap after
{Heap after GC invocations=164 (full 28):
 garbage-first heap   total 251904K, used 85807K [0x0000000700000000, 0x00000007001007b0, 0x00000007c0000000)
  region size 1024K, 1 young (1024K), 1 survivors (1024K)
 Metaspace       used 85987K, capacity 92137K, committed 92336K, reserved 1128448K
  class space    used 11610K, capacity 12679K, committed 12720K, reserved 1048576K
}
Event: 1179.861 GC heap before
{Heap before GC invocations=164 (full 28):
 garbage-first heap   total 251904K, used 89903K [0x0000000700000000, 0x00000007001007b0, 0x00000007c0000000)
  region size 1024K, 4 young (4096K), 1 survivors (1024K)
 Metaspace       used 85987K, capacity 92137K, committed 92336K, reserved 1128448K
  class space    used 11610K, capacity 12679K, committed 12720K, reserved 1048576K
}
Event: 1179.868 GC heap after
{Heap after GC invocations=165 (full 28):
 garbage-first heap   total 251904K, used 87705K [0x0000000700000000, 0x00000007001007b0, 0x00000007c0000000)
  region size 1024K, 1 young (1024K), 1 survivors (1024K)
 Metaspace       used 85987K, capacity 92137K, committed 92336K, reserved 1128448K
  class space    used 11610K, capacity 12679K, committed 12720K, reserved 1048576K
}
Event: 1181.559 GC heap before
{Heap before GC invocations=165 (full 28):
 garbage-first heap   total 251904K, used 148121K [0x0000000700000000, 0x00000007001007b0, 0x00000007c0000000)
  region size 1024K, 60 young (61440K), 1 survivors (1024K)
 Metaspace       used 86010K, capacity 92137K, committed 92336K, reserved 1128448K
  class space    used 11610K, capacity 12679K, committed 12720K, reserved 1048576K
}
Event: 1181.616 GC heap after
{Heap after GC invocations=166 (full 28):
 garbage-first heap   total 251904K, used 85849K [0x0000000700000000, 0x00000007001007b0, 0x00000007c0000000)
  region size 1024K, 1 young (1024K), 1 survivors (1024K)
 Metaspace       used 86010K, capacity 92137K, committed 92336K, reserved 1128448K
  class space    used 11610K, capacity 12679K, committed 12720K, reserved 1048576K
}
Event: 1182.010 GC heap before
{Heap before GC invocations=166 (full 28):
 garbage-first heap   total 251904K, used 112473K [0x0000000700000000, 0x00000007001007b0, 0x00000007c0000000)
  region size 1024K, 22 young (22528K), 1 survivors (1024K)
 Metaspace       used 86010K, capacity 92137K, committed 92336K, reserved 1128448K
  class space    used 11610K, capacity 12679K, committed 12720K, reserved 1048576K
}
Event: 1182.614 GC heap after
{Heap after GC invocations=167 (full 29):
 garbage-first heap   total 251904K, used 84183K [0x0000000700000000, 0x00000007001007b0, 0x00000007c0000000)
  region size 1024K, 0 young (0K), 0 survivors (0K)
 Metaspace       used 86010K, capacity 92137K, committed 92336K, reserved 1128448K
  class space    used 11610K, capacity 12679K, committed 12720K, reserved 1048576K
}

