# JRE version: Java(TM) SE Runtime Environment (9.0+11) (build 9.0.4+11)
# Java VM: Java HotSpot(TM) 64-Bit Server VM (9.0.4+11, mixed mode, tiered, compressed oops, g1 gc, windows-amd64)
Heap:
 garbage-first heap   total 349184K, used 165828K [0x0000000700000000, 0x0000000700100aa8, 0x00000007c0000000)
  region size 1024K, 38 young (38912K), 1 survivors (1024K)
 Metaspace       used 98126K, capacity 100155K, committed 106236K, reserved 1140736K
  class space    used 12858K, capacity 13320K, committed 14588K, reserved 1048576K
GC Heap History (10 events):
Event: 200808.271 GC heap before
{Heap before GC invocations=1812 (full 156):
 garbage-first heap   total 349184K, used 200404K [0x0000000700000000, 0x0000000700100aa8, 0x00000007c0000000)
  region size 1024K, 60 young (61440K), 2 survivors (2048K)
 Metaspace       used 98118K, capacity 100155K, committed 106236K, reserved 1140736K
  class space    used 12858K, capacity 13320K, committed 14588K, reserved 1048576K
}
Event: 200808.292 GC heap after
{Heap after GC invocations=1813 (full 156):
 garbage-first heap   total 349184K, used 139100K [0x0000000700000000, 0x0000000700100aa8, 0x00000007c0000000)
  region size 1024K, 1 young (1024K), 1 survivors (1024K)
 Metaspace       used 98118K, capacity 100155K, committed 106236K, reserved 1140736K
  class space    used 12858K, capacity 13320K, committed 14588K, reserved 1048576K
}
Event: 200814.442 GC heap before
{Heap before GC invocations=1813 (full 156):
 garbage-first heap   total 349184K, used 199516K [0x0000000700000000, 0x0000000700100aa8, 0x00000007c0000000)
  region size 1024K, 60 young (61440K), 1 survivors (1024K)
 Metaspace       used 98126K, capacity 100155K, committed 106236K, reserved 1140736K
  class space    used 12858K, capacity 13320K, committed 14588K, reserved 1048576K
}
Event: 200814.452 GC heap after
{Heap after GC invocations=1814 (full 156):
 garbage-first heap   total 349184K, used 128935K [0x0000000700000000, 0x0000000700100aa8, 0x00000007c0000000)
  region size 1024K, 1 young (1024K), 1 survivors (1024K)
 Metaspace       used 98126K, capacity 100155K, committed 106236K, reserved 1140736K
  class space    used 12858K, capacity 13320K, committed 14588K, reserved 1048576K
}
Event: 200818.227 GC heap before
{Heap before GC invocations=1814 (full 156):
 garbage-first heap   total 349184K, used 189351K [0x0000000700000000, 0x0000000700100aa8, 0x00000007c0000000)
  region size 1024K, 60 young (61440K), 1 survivors (1024K)
 Metaspace       used 98126K, capacity 100155K, committed 106236K, reserved 1140736K
  class space    used 12858K, capacity 13320K, committed 14588K, reserved 1048576K
}
Event: 200818.239 GC heap after
{Heap after GC invocations=1815 (full 156):
 garbage-first heap   total 349184K, used 128938K [0x0000000700000000, 0x0000000700100aa8, 0x00000007c0000000)
  region size 1024K, 1 young (1024K), 1 survivors (1024K)
 Metaspace       used 98126K, capacity 100155K, committed 106236K, reserved 1140736K
  class space    used 12858K, capacity 13320K, committed 14588K, reserved 1048576K
}
Event: 200823.034 GC heap before
{Heap before GC invocations=1815 (full 156):
 garbage-first heap   total 349184K, used 189354K [0x0000000700000000, 0x0000000700100aa8, 0x00000007c0000000)
  region size 1024K, 60 young (61440K), 1 survivors (1024K)
 Metaspace       used 98126K, capacity 100155K, committed 106236K, reserved 1140736K
  class space    used 12858K, capacity 13320K, committed 14588K, reserved 1048576K
}
Event: 200823.047 GC heap after
{Heap after GC invocations=1816 (full 156):
 garbage-first heap   total 349184K, used 129007K [0x0000000700000000, 0x0000000700100aa8, 0x00000007c0000000)
  region size 1024K, 1 young (1024K), 1 survivors (1024K)
 Metaspace       used 98126K, capacity 100155K, committed 106236K, reserved 1140736K
  class space    used 12858K, capacity 13320K, committed 14588K, reserved 1048576K
}
Event: 200827.851 GC heap before
{Heap before GC invocations=1816 (full 156):
 garbage-first heap   total 349184K, used 189423K [0x0000000700000000, 0x0000000700100aa8, 0x00000007c0000000)
  region size 1024K, 60 young (61440K), 1 survivors (1024K)
 Metaspace       used 98126K, capacity 100155K, committed 106236K, reserved 1140736K
  class space    used 12858K, capacity 13320K, committed 14588K, reserved 1048576K
}
Event: 200827.862 GC heap after
{Heap after GC invocations=1817 (full 156):
 garbage-first heap   total 349184K, used 128964K [0x0000000700000000, 0x0000000700100aa8, 0x00000007c0000000)
  region size 1024K, 1 young (1024K), 1 survivors (1024K)
 Metaspace       used 98126K, capacity 100155K, committed 106236K, reserved 1140736K
  class space    used 12858K, capacity 13320K, committed 14588K, reserved 1048576K
}

