# JRE version: Java(TM) SE Runtime Environment (9.0+11) (build 9.0.4+11)
# Java VM: Java HotSpot(TM) 64-Bit Server VM (9.0.4+11, mixed mode, tiered, compressed oops, g1 gc, windows-amd64)
Heap:
 garbage-first heap   total 199680K, used 114156K [0x0000000700000000, 0x0000000700100618, 0x00000007c0000000)
  region size 1024K, 38 young (38912K), 2 survivors (2048K)
 Metaspace       used 84438K, capacity 86359K, committed 94076K, reserved 1130496K
  class space    used 10878K, capacity 11304K, committed 12924K, reserved 1048576K
GC Heap History (10 events):
Event: 56948.786 GC heap before
{Heap before GC invocations=344 (full 31):
 garbage-first heap   total 199680K, used 138028K [0x0000000700000000, 0x0000000700100618, 0x00000007c0000000)
  region size 1024K, 60 young (61440K), 2 survivors (2048K)
 Metaspace       used 84420K, capacity 86359K, committed 94076K, reserved 1130496K
  class space    used 10878K, capacity 11304K, committed 12924K, reserved 1048576K
}
Event: 56948.799 GC heap after
{Heap after GC invocations=345 (full 31):
 garbage-first heap   total 199680K, used 78332K [0x0000000700000000, 0x0000000700100618, 0x00000007c0000000)
  region size 1024K, 2 young (2048K), 2 survivors (2048K)
 Metaspace       used 84420K, capacity 86359K, committed 94076K, reserved 1130496K
  class space    used 10878K, capacity 11304K, committed 12924K, reserved 1048576K
}
Event: 57015.308 GC heap before
{Heap before GC invocations=345 (full 31):
 garbage-first heap   total 199680K, used 137724K [0x0000000700000000, 0x0000000700100618, 0x00000007c0000000)
  region size 1024K, 60 young (61440K), 2 survivors (2048K)
 Metaspace       used 84420K, capacity 86359K, committed 94076K, reserved 1130496K
  class space    used 10878K, capacity 11304K, committed 12924K, reserved 1048576K
}
Event: 57015.320 GC heap after
{Heap after GC invocations=346 (full 31):
 garbage-first heap   total 199680K, used 78216K [0x0000000700000000, 0x0000000700100618, 0x00000007c0000000)
  region size 1024K, 2 young (2048K), 2 survivors (2048K)
 Metaspace       used 84420K, capacity 86359K, committed 94076K, reserved 1130496K
  class space    used 10878K, capacity 11304K, committed 12924K, reserved 1048576K
}
Event: 57060.042 GC heap before
{Heap before GC invocations=346 (full 31):
 garbage-first heap   total 199680K, used 137608K [0x0000000700000000, 0x0000000700100618, 0x00000007c0000000)
  region size 1024K, 60 young (61440K), 2 survivors (2048K)
 Metaspace       used 84425K, capacity 86359K, committed 94076K, reserved 1130496K
  class space    used 10878K, capacity 11304K, committed 12924K, reserved 1048576K
}
Event: 57060.051 GC heap after
{Heap after GC invocations=347 (full 31):
 garbage-first heap   total 199680K, used 78253K [0x0000000700000000, 0x0000000700100618, 0x00000007c0000000)
  region size 1024K, 2 young (2048K), 2 survivors (2048K)
 Metaspace       used 84425K, capacity 86359K, committed 94076K, reserved 1130496K
  class space    used 10878K, capacity 11304K, committed 12924K, reserved 1048576K
}
Event: 57070.955 GC heap before
{Heap before GC invocations=347 (full 31):
 garbage-first heap   total 199680K, used 137645K [0x0000000700000000, 0x0000000700100618, 0x00000007c0000000)
  region size 1024K, 60 young (61440K), 2 survivors (2048K)
 Metaspace       used 84426K, capacity 86359K, committed 94076K, reserved 1130496K
  class space    used 10878K, capacity 11304K, committed 12924K, reserved 1048576K
}
Event: 57070.968 GC heap after
{Heap after GC invocations=348 (full 31):
 garbage-first heap   total 199680K, used 78208K [0x0000000700000000, 0x0000000700100618, 0x00000007c0000000)
  region size 1024K, 1 young (1024K), 1 survivors (1024K)
 Metaspace       used 84426K, capacity 86359K, committed 94076K, reserved 1130496K
  class space    used 10878K, capacity 11304K, committed 12924K, reserved 1048576K
}
Event: 57091.040 GC heap before
{Heap before GC invocations=348 (full 31):
 garbage-first heap   total 199680K, used 138624K [0x0000000700000000, 0x0000000700100618, 0x00000007c0000000)
  region size 1024K, 60 young (61440K), 1 survivors (1024K)
 Metaspace       used 84436K, capacity 86359K, committed 94076K, reserved 1130496K
  class space    used 10878K, capacity 11304K, committed 12924K, reserved 1048576K
}
Event: 57091.053 GC heap after
{Heap after GC invocations=349 (full 31):
 garbage-first heap   total 199680K, used 78316K [0x0000000700000000, 0x0000000700100618, 0x00000007c0000000)
  region size 1024K, 2 young (2048K), 2 survivors (2048K)
 Metaspace       used 84436K, capacity 86359K, committed 94076K, reserved 1130496K
  class space    used 10878K, capacity 11304K, committed 12924K, reserved 1048576K
}

