# JRE version: Java(TM) SE Runtime Environment (9.0+11) (build 9.0.4+11)
# Java VM: Java HotSpot(TM) 64-Bit Server VM (9.0.4+11, mixed mode, tiered, compressed oops, g1 gc, windows-amd64)
Heap:
 garbage-first heap   total 216064K, used 111462K [0x0000000700000000, 0x0000000700100698, 0x00000007c0000000)
  region size 1024K, 43 young (44032K), 1 survivors (1024K)
 Metaspace       used 83547K, capacity 85649K, committed 92796K, reserved 1128448K
  class space    used 10984K, capacity 11443K, committed 12924K, reserved 1048576K
GC Heap History (10 events):
Event: 8046.800 GC heap before
{Heap before GC invocations=501 (full 330):
 garbage-first heap   total 216064K, used 130486K [0x0000000700000000, 0x0000000700100698, 0x00000007c0000000)
  region size 1024K, 60 young (61440K), 0 survivors (0K)
 Metaspace       used 83026K, capacity 85041K, committed 92540K, reserved 1128448K
  class space    used 10903K, capacity 11347K, committed 12924K, reserved 1048576K
}
Event: 8046.808 GC heap after
{Heap after GC invocations=502 (full 330):
 garbage-first heap   total 216064K, used 69311K [0x0000000700000000, 0x0000000700100698, 0x00000007c0000000)
  region size 1024K, 1 young (1024K), 1 survivors (1024K)
 Metaspace       used 83026K, capacity 85041K, committed 92540K, reserved 1128448K
  class space    used 10903K, capacity 11347K, committed 12924K, reserved 1048576K
}
Event: 8052.111 GC heap before
{Heap before GC invocations=502 (full 330):
 garbage-first heap   total 216064K, used 129727K [0x0000000700000000, 0x0000000700100698, 0x00000007c0000000)
  region size 1024K, 60 young (61440K), 1 survivors (1024K)
 Metaspace       used 83030K, capacity 85041K, committed 92540K, reserved 1128448K
  class space    used 10903K, capacity 11347K, committed 12924K, reserved 1048576K
}
Event: 8052.118 GC heap after
{Heap after GC invocations=503 (full 330):
 garbage-first heap   total 216064K, used 69318K [0x0000000700000000, 0x0000000700100698, 0x00000007c0000000)
  region size 1024K, 1 young (1024K), 1 survivors (1024K)
 Metaspace       used 83030K, capacity 85041K, committed 92540K, reserved 1128448K
  class space    used 10903K, capacity 11347K, committed 12924K, reserved 1048576K
}
Event: 8085.139 GC heap before
{Heap before GC invocations=503 (full 330):
 garbage-first heap   total 216064K, used 129734K [0x0000000700000000, 0x0000000700100698, 0x00000007c0000000)
  region size 1024K, 60 young (61440K), 1 survivors (1024K)
 Metaspace       used 83031K, capacity 85041K, committed 92540K, reserved 1128448K
  class space    used 10903K, capacity 11347K, committed 12924K, reserved 1048576K
}
Event: 8085.144 GC heap after
{Heap after GC invocations=504 (full 330):
 garbage-first heap   total 216064K, used 69244K [0x0000000700000000, 0x0000000700100698, 0x00000007c0000000)
  region size 1024K, 1 young (1024K), 1 survivors (1024K)
 Metaspace       used 83031K, capacity 85041K, committed 92540K, reserved 1128448K
  class space    used 10903K, capacity 11347K, committed 12924K, reserved 1048576K
}
Event: 8129.626 GC heap before
{Heap before GC invocations=504 (full 330):
 garbage-first heap   total 216064K, used 129660K [0x0000000700000000, 0x0000000700100698, 0x00000007c0000000)
  region size 1024K, 60 young (61440K), 1 survivors (1024K)
 Metaspace       used 83040K, capacity 85041K, committed 92540K, reserved 1128448K
  class space    used 10903K, capacity 11347K, committed 12924K, reserved 1048576K
}
Event: 8129.633 GC heap after
{Heap after GC invocations=505 (full 330):
 garbage-first heap   total 216064K, used 69279K [0x0000000700000000, 0x0000000700100698, 0x00000007c0000000)
  region size 1024K, 1 young (1024K), 1 survivors (1024K)
 Metaspace       used 83040K, capacity 85041K, committed 92540K, reserved 1128448K
  class space    used 10903K, capacity 11347K, committed 12924K, reserved 1048576K
}
Event: 8156.239 GC heap before
{Heap before GC invocations=505 (full 330):
 garbage-first heap   total 216064K, used 129695K [0x0000000700000000, 0x0000000700100698, 0x00000007c0000000)
  region size 1024K, 60 young (61440K), 1 survivors (1024K)
 Metaspace       used 83237K, capacity 85335K, committed 92796K, reserved 1128448K
  class space    used 10927K, capacity 11366K, committed 12924K, reserved 1048576K
}
Event: 8156.246 GC heap after
{Heap after GC invocations=506 (full 330):
 garbage-first heap   total 216064K, used 69478K [0x0000000700000000, 0x0000000700100698, 0x00000007c0000000)
  region size 1024K, 1 young (1024K), 1 survivors (1024K)
 Metaspace       used 83237K, capacity 85335K, committed 92796K, reserved 1128448K
  class space    used 10927K, capacity 11366K, committed 12924K, reserved 1048576K
}

